This is pdfTeX, Version 3.1415926-2.4-1.40.13 (TeX Live 2012) (format=pdflatex 2012.6.30)  28 DEC 2012 21:17
entering extended mode
 restricted \write18 enabled.
 %&-line parsing enabled.
**pcbgcode
(./pcbgcode.tex
LaTeX2e <2011/06/27>
Babel <v3.8m> and hyphenation patterns for english, dumylang, nohyphenation, ge
rman-x-2012-05-30, ngerman-x-2012-05-30, afrikaans, ancientgreek, ibycus, arabi
c, armenian, basque, bulgarian, catalan, pinyin, coptic, croatian, czech, danis
h, dutch, ukenglish, usenglishmax, esperanto, estonian, ethiopic, farsi, finnis
h, french, friulan, galician, german, ngerman, swissgerman, monogreek, greek, h
ungarian, icelandic, assamese, bengali, gujarati, hindi, kannada, malayalam, ma
rathi, oriya, panjabi, tamil, telugu, indonesian, interlingua, irish, italian, 
kurmanji, latin, latvian, lithuanian, mongolian, mongolianlmc, bokmal, nynorsk,
 polish, portuguese, romanian, romansh, russian, sanskrit, serbian, serbianc, s
lovak, slovenian, spanish, swedish, turkish, turkmen, ukrainian, uppersorbian, 
welsh, loaded.
(/usr/local/texlive/2012/texmf-dist/tex/latex/base/book.cls
Document Class: book 2007/10/19 v1.4h Standard LaTeX document class
(/usr/local/texlive/2012/texmf-dist/tex/latex/base/bk11.clo
File: bk11.clo 2007/10/19 v1.4h Standard LaTeX file (size option)
)
\c@part=\count79
\c@chapter=\count80
\c@section=\count81
\c@subsection=\count82
\c@subsubsection=\count83
\c@paragraph=\count84
\c@subparagraph=\count85
\c@figure=\count86
\c@table=\count87
\abovecaptionskip=\skip41
\belowcaptionskip=\skip42
\bibindent=\dimen102
)
(/usr/local/texlive/2012/texmf-dist/tex/latex/graphics/graphicx.sty
Package: graphicx 1999/02/16 v1.0f Enhanced LaTeX Graphics (DPC,SPQR)

(/usr/local/texlive/2012/texmf-dist/tex/latex/graphics/keyval.sty
Package: keyval 1999/03/16 v1.13 key=value parser (DPC)
\KV@toks@=\toks14
)
(/usr/local/texlive/2012/texmf-dist/tex/latex/graphics/graphics.sty
Package: graphics 2009/02/05 v1.0o Standard LaTeX Graphics (DPC,SPQR)

(/usr/local/texlive/2012/texmf-dist/tex/latex/graphics/trig.sty
Package: trig 1999/03/16 v1.09 sin cos tan (DPC)
)
(/usr/local/texlive/2012/texmf-dist/tex/latex/latexconfig/graphics.cfg
File: graphics.cfg 2010/04/23 v1.9 graphics configuration of TeX Live
)
Package graphics Info: Driver file: pdftex.def on input line 91.

(/usr/local/texlive/2012/texmf-dist/tex/latex/pdftex-def/pdftex.def
File: pdftex.def 2011/05/27 v0.06d Graphics/color for pdfTeX

(/usr/local/texlive/2012/texmf-dist/tex/generic/oberdiek/infwarerr.sty
Package: infwarerr 2010/04/08 v1.3 Providing info/warning/error messages (HO)
)
(/usr/local/texlive/2012/texmf-dist/tex/generic/oberdiek/ltxcmds.sty
Package: ltxcmds 2011/11/09 v1.22 LaTeX kernel commands for general use (HO)
)
\Gread@gobject=\count88
))
\Gin@req@height=\dimen103
\Gin@req@width=\dimen104
)
(/usr/local/texlive/2012/texmf-dist/tex/latex/geometry/geometry.sty
Package: geometry 2010/09/12 v5.6 Page Geometry

(/usr/local/texlive/2012/texmf-dist/tex/generic/oberdiek/ifpdf.sty
Package: ifpdf 2011/01/30 v2.3 Provides the ifpdf switch (HO)
Package ifpdf Info: pdfTeX in PDF mode is detected.
)
(/usr/local/texlive/2012/texmf-dist/tex/generic/oberdiek/ifvtex.sty
Package: ifvtex 2010/03/01 v1.5 Detect VTeX and its facilities (HO)
Package ifvtex Info: VTeX not detected.
)
(/usr/local/texlive/2012/texmf-dist/tex/generic/ifxetex/ifxetex.sty
Package: ifxetex 2010/09/12 v0.6 Provides ifxetex conditional
)
\Gm@cnth=\count89
\Gm@cntv=\count90
\c@Gm@tempcnt=\count91
\Gm@bindingoffset=\dimen105
\Gm@wd@mp=\dimen106
\Gm@odd@mp=\dimen107
\Gm@even@mp=\dimen108
\Gm@layoutwidth=\dimen109
\Gm@layoutheight=\dimen110
\Gm@layouthoffset=\dimen111
\Gm@layoutvoffset=\dimen112
\Gm@dimlist=\toks15
)
(/usr/local/texlive/2012/texmf-dist/tex/latex/hyperref/hyperref.sty
Package: hyperref 2012/05/13 v6.82q Hypertext links for LaTeX

(/usr/local/texlive/2012/texmf-dist/tex/generic/oberdiek/hobsub-hyperref.sty
Package: hobsub-hyperref 2012/05/28 v1.13 Bundle oberdiek, subset hyperref (HO)


(/usr/local/texlive/2012/texmf-dist/tex/generic/oberdiek/hobsub-generic.sty
Package: hobsub-generic 2012/05/28 v1.13 Bundle oberdiek, subset generic (HO)
Package: hobsub 2012/05/28 v1.13 Construct package bundles (HO)
Package hobsub Info: Skipping package `infwarerr' (already loaded).
Package hobsub Info: Skipping package `ltxcmds' (already loaded).
Package: ifluatex 2010/03/01 v1.3 Provides the ifluatex switch (HO)
Package ifluatex Info: LuaTeX not detected.
Package hobsub Info: Skipping package `ifvtex' (already loaded).
Package: intcalc 2007/09/27 v1.1 Expandable calculations with integers (HO)
Package hobsub Info: Skipping package `ifpdf' (already loaded).
Package: etexcmds 2011/02/16 v1.5 Avoid name clashes with e-TeX commands (HO)
Package etexcmds Info: Could not find \expanded.
(etexcmds)             That can mean that you are not using pdfTeX 1.50 or
(etexcmds)             that some package has redefined \expanded.
(etexcmds)             In the latter case, load this package earlier.
Package: kvsetkeys 2012/04/25 v1.16 Key value parser (HO)
Package: kvdefinekeys 2011/04/07 v1.3 Define keys (HO)
Package: pdftexcmds 2011/11/29 v0.20 Utility functions of pdfTeX for LuaTeX (HO
)
Package pdftexcmds Info: LuaTeX not detected.
Package pdftexcmds Info: \pdf@primitive is available.
Package pdftexcmds Info: \pdf@ifprimitive is available.
Package pdftexcmds Info: \pdfdraftmode found.
Package: pdfescape 2011/11/25 v1.13 Implements pdfTeX's escape features (HO)
Package: bigintcalc 2012/04/08 v1.3 Expandable calculations on big integers (HO
)
Package: bitset 2011/01/30 v1.1 Handle bit-vector datatype (HO)
Package: uniquecounter 2011/01/30 v1.2 Provide unlimited unique counter (HO)
)
Package hobsub Info: Skipping package `hobsub' (already loaded).
Package: letltxmacro 2010/09/02 v1.4 Let assignment for LaTeX macros (HO)
Package: hopatch 2012/05/28 v1.2 Wrapper for package hooks (HO)
Package: xcolor-patch 2011/01/30 xcolor patch
Package: atveryend 2011/06/30 v1.8 Hooks at the very end of document (HO)
Package atveryend Info: \enddocument detected (standard20110627).
Package: atbegshi 2011/10/05 v1.16 At begin shipout hook (HO)
Package: refcount 2011/10/16 v3.4 Data extraction from label references (HO)
Package: hycolor 2011/01/30 v1.7 Color options for hyperref/bookmark (HO)
)
(/usr/local/texlive/2012/texmf-dist/tex/latex/oberdiek/kvoptions.sty
Package: kvoptions 2011/06/30 v3.11 Key value format for package options (HO)
)
\@linkdim=\dimen113
\Hy@linkcounter=\count92
\Hy@pagecounter=\count93

(/usr/local/texlive/2012/texmf-dist/tex/latex/hyperref/pd1enc.def
File: pd1enc.def 2012/05/13 v6.82q Hyperref: PDFDocEncoding definition (HO)
)
\Hy@SavedSpaceFactor=\count94

(/usr/local/texlive/2012/texmf-dist/tex/latex/latexconfig/hyperref.cfg
File: hyperref.cfg 2002/06/06 v1.2 hyperref configuration of TeXLive
)
Package hyperref Info: Hyper figures OFF on input line 4062.
Package hyperref Info: Link nesting OFF on input line 4067.
Package hyperref Info: Hyper index ON on input line 4070.
Package hyperref Info: Plain pages OFF on input line 4077.
Package hyperref Info: Backreferencing OFF on input line 4082.
Package hyperref Info: Implicit mode ON; LaTeX internals redefined.
Package hyperref Info: Bookmarks ON on input line 4300.
\c@Hy@tempcnt=\count95

(/usr/local/texlive/2012/texmf-dist/tex/latex/url/url.sty
\Urlmuskip=\muskip10
Package: url 2006/04/12  ver 3.3  Verb mode for urls, etc.
)
LaTeX Info: Redefining \url on input line 4653.
\Fld@menulength=\count96
\Field@Width=\dimen114
\Fld@charsize=\dimen115
Package hyperref Info: Hyper figures OFF on input line 5773.
Package hyperref Info: Link nesting OFF on input line 5778.
Package hyperref Info: Hyper index ON on input line 5781.
Package hyperref Info: backreferencing OFF on input line 5788.
Package hyperref Info: Link coloring OFF on input line 5793.
Package hyperref Info: Link coloring with OCG OFF on input line 5798.
Package hyperref Info: PDF/A mode OFF on input line 5803.
LaTeX Info: Redefining \ref on input line 5843.
LaTeX Info: Redefining \pageref on input line 5847.
\Hy@abspage=\count97
\c@Item=\count98
\c@Hfootnote=\count99
)

Package hyperref Message: Driver (autodetected): hpdftex.

(/usr/local/texlive/2012/texmf-dist/tex/latex/hyperref/hpdftex.def
File: hpdftex.def 2012/05/13 v6.82q Hyperref driver for pdfTeX
\Fld@listcount=\count100
\c@bookmark@seq@number=\count101

(/usr/local/texlive/2012/texmf-dist/tex/latex/oberdiek/rerunfilecheck.sty
Package: rerunfilecheck 2011/04/15 v1.7 Rerun checks for auxiliary files (HO)
Package uniquecounter Info: New unique counter `rerunfilecheck' on input line 2
82.
)
\Hy@SectionHShift=\skip43
)
(/usr/local/texlive/2012/texmf-dist/tex/latex/caption/caption.sty
Package: caption 2012/02/19 v3.2f Customizing captions (AR)

(/usr/local/texlive/2012/texmf-dist/tex/latex/caption/caption3.sty
Package: caption3 2012/01/12 v1.4b caption3 kernel (AR)
\captionmargin=\dimen116
\captionmargin@=\dimen117
\captionwidth=\dimen118
\caption@indent=\dimen119
\caption@parindent=\dimen120
\caption@hangindent=\dimen121
)
\c@ContinuedFloat=\count102
Package caption Info: hyperref package is loaded.
)
(/usr/local/texlive/2012/texmf-dist/tex/latex/booktabs/booktabs.sty
Package: booktabs 2005/04/14 v1.61803 publication quality tables
\heavyrulewidth=\dimen122
\lightrulewidth=\dimen123
\cmidrulewidth=\dimen124
\belowrulesep=\dimen125
\belowbottomsep=\dimen126
\aboverulesep=\dimen127
\abovetopsep=\dimen128
\cmidrulesep=\dimen129
\cmidrulekern=\dimen130
\defaultaddspace=\dimen131
\@cmidla=\count103
\@cmidlb=\count104
\@aboverulesep=\dimen132
\@belowrulesep=\dimen133
\@thisruleclass=\count105
\@lastruleclass=\count106
\@thisrulewidth=\dimen134
)
(/usr/local/texlive/2012/texmf-dist/tex/latex/paralist/paralist.sty
Package: paralist 2002/03/18 v2.3b Extended list environments (BS)
\pltopsep=\skip44
\plpartopsep=\skip45
\plitemsep=\skip46
\plparsep=\skip47
\pl@lab=\toks16
)
(/usr/local/texlive/2012/texmf-dist/tex/latex/fancyhdr/fancyhdr.sty
\fancy@headwidth=\skip48
\f@ncyO@elh=\skip49
\f@ncyO@erh=\skip50
\f@ncyO@olh=\skip51
\f@ncyO@orh=\skip52
\f@ncyO@elf=\skip53
\f@ncyO@erf=\skip54
\f@ncyO@olf=\skip55
\f@ncyO@orf=\skip56
)
(/usr/local/texlive/2012/texmf-dist/tex/latex/tools/varioref.sty
Package: varioref 2011/10/02 v1.4z package for extended references (FMi)
\c@vrcnt=\count107
)
(/usr/local/texlive/2012/texmf-dist/tex/latex/listings/listings.sty
\lst@mode=\count108
\lst@gtempboxa=\box26
\lst@token=\toks17
\lst@length=\count109
\lst@currlwidth=\dimen135
\lst@column=\count110
\lst@pos=\count111
\lst@lostspace=\dimen136
\lst@width=\dimen137
\lst@newlines=\count112
\lst@lineno=\count113
\lst@maxwidth=\dimen138

(/usr/local/texlive/2012/texmf-dist/tex/latex/listings/lstmisc.sty
File: lstmisc.sty 2007/02/22 1.4 (Carsten Heinz)
\c@lstnumber=\count114
\lst@skipnumbers=\count115
\lst@framebox=\box27
)
(/usr/local/texlive/2012/texmf-dist/tex/latex/listings/listings.cfg
File: listings.cfg 2007/02/22 1.4 listings configuration
))
Package: listings 2007/02/22 1.4 (Carsten Heinz)

(/usr/local/texlive/2012/texmf-dist/tex/latex/base/textcomp.sty
Package: textcomp 2005/09/27 v1.99g Standard LaTeX package
Package textcomp Info: Sub-encoding information:
(textcomp)               5 = only ISO-Adobe without \textcurrency
(textcomp)               4 = 5 + \texteuro
(textcomp)               3 = 4 + \textohm
(textcomp)               2 = 3 + \textestimated + \textcurrency
(textcomp)               1 = TS1 - \textcircled - \t
(textcomp)               0 = TS1 (full)
(textcomp)             Font families with sub-encoding setting implement
(textcomp)             only a restricted character set as indicated.
(textcomp)             Family '?' is the default used for unknown fonts.
(textcomp)             See the documentation for details.
Package textcomp Info: Setting ? sub-encoding to TS1/1 on input line 71.

(/usr/local/texlive/2012/texmf-dist/tex/latex/base/ts1enc.def
File: ts1enc.def 2001/06/05 v3.0e (jk/car/fm) Standard LaTeX file
)
LaTeX Info: Redefining \oldstylenums on input line 266.
Package textcomp Info: Setting cmr sub-encoding to TS1/0 on input line 281.
Package textcomp Info: Setting cmss sub-encoding to TS1/0 on input line 282.
Package textcomp Info: Setting cmtt sub-encoding to TS1/0 on input line 283.
Package textcomp Info: Setting cmvtt sub-encoding to TS1/0 on input line 284.
Package textcomp Info: Setting cmbr sub-encoding to TS1/0 on input line 285.
Package textcomp Info: Setting cmtl sub-encoding to TS1/0 on input line 286.
Package textcomp Info: Setting ccr sub-encoding to TS1/0 on input line 287.
Package textcomp Info: Setting ptm sub-encoding to TS1/4 on input line 288.
Package textcomp Info: Setting pcr sub-encoding to TS1/4 on input line 289.
Package textcomp Info: Setting phv sub-encoding to TS1/4 on input line 290.
Package textcomp Info: Setting ppl sub-encoding to TS1/3 on input line 291.
Package textcomp Info: Setting pag sub-encoding to TS1/4 on input line 292.
Package textcomp Info: Setting pbk sub-encoding to TS1/4 on input line 293.
Package textcomp Info: Setting pnc sub-encoding to TS1/4 on input line 294.
Package textcomp Info: Setting pzc sub-encoding to TS1/4 on input line 295.
Package textcomp Info: Setting bch sub-encoding to TS1/4 on input line 296.
Package textcomp Info: Setting put sub-encoding to TS1/5 on input line 297.
Package textcomp Info: Setting uag sub-encoding to TS1/5 on input line 298.
Package textcomp Info: Setting ugq sub-encoding to TS1/5 on input line 299.
Package textcomp Info: Setting ul8 sub-encoding to TS1/4 on input line 300.
Package textcomp Info: Setting ul9 sub-encoding to TS1/4 on input line 301.
Package textcomp Info: Setting augie sub-encoding to TS1/5 on input line 302.
Package textcomp Info: Setting dayrom sub-encoding to TS1/3 on input line 303.
Package textcomp Info: Setting dayroms sub-encoding to TS1/3 on input line 304.

Package textcomp Info: Setting pxr sub-encoding to TS1/0 on input line 305.
Package textcomp Info: Setting pxss sub-encoding to TS1/0 on input line 306.
Package textcomp Info: Setting pxtt sub-encoding to TS1/0 on input line 307.
Package textcomp Info: Setting txr sub-encoding to TS1/0 on input line 308.
Package textcomp Info: Setting txss sub-encoding to TS1/0 on input line 309.
Package textcomp Info: Setting txtt sub-encoding to TS1/0 on input line 310.
Package textcomp Info: Setting lmr sub-encoding to TS1/0 on input line 311.
Package textcomp Info: Setting lmdh sub-encoding to TS1/0 on input line 312.
Package textcomp Info: Setting lmss sub-encoding to TS1/0 on input line 313.
Package textcomp Info: Setting lmssq sub-encoding to TS1/0 on input line 314.
Package textcomp Info: Setting lmvtt sub-encoding to TS1/0 on input line 315.
Package textcomp Info: Setting qhv sub-encoding to TS1/0 on input line 316.
Package textcomp Info: Setting qag sub-encoding to TS1/0 on input line 317.
Package textcomp Info: Setting qbk sub-encoding to TS1/0 on input line 318.
Package textcomp Info: Setting qcr sub-encoding to TS1/0 on input line 319.
Package textcomp Info: Setting qcs sub-encoding to TS1/0 on input line 320.
Package textcomp Info: Setting qpl sub-encoding to TS1/0 on input line 321.
Package textcomp Info: Setting qtm sub-encoding to TS1/0 on input line 322.
Package textcomp Info: Setting qzc sub-encoding to TS1/0 on input line 323.
Package textcomp Info: Setting qhvc sub-encoding to TS1/0 on input line 324.
Package textcomp Info: Setting futs sub-encoding to TS1/4 on input line 325.
Package textcomp Info: Setting futx sub-encoding to TS1/4 on input line 326.
Package textcomp Info: Setting futj sub-encoding to TS1/4 on input line 327.
Package textcomp Info: Setting hlh sub-encoding to TS1/3 on input line 328.
Package textcomp Info: Setting hls sub-encoding to TS1/3 on input line 329.
Package textcomp Info: Setting hlst sub-encoding to TS1/3 on input line 330.
Package textcomp Info: Setting hlct sub-encoding to TS1/5 on input line 331.
Package textcomp Info: Setting hlx sub-encoding to TS1/5 on input line 332.
Package textcomp Info: Setting hlce sub-encoding to TS1/5 on input line 333.
Package textcomp Info: Setting hlcn sub-encoding to TS1/5 on input line 334.
Package textcomp Info: Setting hlcw sub-encoding to TS1/5 on input line 335.
Package textcomp Info: Setting hlcf sub-encoding to TS1/5 on input line 336.
Package textcomp Info: Setting pplx sub-encoding to TS1/3 on input line 337.
Package textcomp Info: Setting pplj sub-encoding to TS1/3 on input line 338.
Package textcomp Info: Setting ptmx sub-encoding to TS1/4 on input line 339.
Package textcomp Info: Setting ptmj sub-encoding to TS1/4 on input line 340.
)
(/usr/local/texlive/2012/texmf-dist/tex/latex/float/float.sty
Package: float 2001/11/08 v1.3d Float enhancements (AL)
\c@float@type=\count116
\float@exts=\toks18
\float@box=\box28
\@float@everytoks=\toks19
\@floatcapt=\box29
)
(/usr/local/texlive/2012/texmf-dist/tex/latex/placeins/placeins.sty
Package: placeins 2005/04/18  v 2.2
)
(/usr/local/texlive/2012/texmf-dist/tex/latex/draftwatermark/draftwatermark.sty
Package: draftwatermark 2006/06/30 1.0 Put a gray textual watermark on document
 pages
(/usr/local/texlive/2012/texmf-dist/tex/latex/everypage/everypage.sty
Package: everypage 2007/06/20 1.1 Hooks to run on every page
)
(/usr/local/texlive/2012/texmf-dist/tex/latex/graphics/color.sty
Package: color 2005/11/14 v1.0j Standard LaTeX Color (DPC)

(/usr/local/texlive/2012/texmf-dist/tex/latex/latexconfig/color.cfg
File: color.cfg 2007/01/18 v1.5 color configuration of teTeX/TeXLive
)
Package color Info: Driver file: pdftex.def on input line 130.
)
\sc@wm@fontsize=\skip57
)
(/usr/local/texlive/2012/texmf-dist/tex/latex/base/makeidx.sty
Package: makeidx 2000/03/29 v1.0m Standard LaTeX package
)
\@indexfile=\write3
\openout3 = `pcbgcode.idx'.


Writing index file pcbgcode.idx
\@glossaryfile=\write4
\openout4 = `pcbgcode.glo'.

Writing glossary file pcbgcode.glo 
(./pcbgcode.aux)
\openout1 = `pcbgcode.aux'.

LaTeX Font Info:    Checking defaults for OML/cmm/m/it on input line 74.
LaTeX Font Info:    ... okay on input line 74.
LaTeX Font Info:    Checking defaults for T1/cmr/m/n on input line 74.
LaTeX Font Info:    ... okay on input line 74.
LaTeX Font Info:    Checking defaults for OT1/cmr/m/n on input line 74.
LaTeX Font Info:    ... okay on input line 74.
LaTeX Font Info:    Checking defaults for OMS/cmsy/m/n on input line 74.
LaTeX Font Info:    ... okay on input line 74.
LaTeX Font Info:    Checking defaults for OMX/cmex/m/n on input line 74.
LaTeX Font Info:    ... okay on input line 74.
LaTeX Font Info:    Checking defaults for U/cmr/m/n on input line 74.
LaTeX Font Info:    ... okay on input line 74.
LaTeX Font Info:    Checking defaults for PD1/pdf/m/n on input line 74.
LaTeX Font Info:    ... okay on input line 74.
LaTeX Font Info:    Checking defaults for TS1/cmr/m/n on input line 74.
LaTeX Font Info:    Try loading font information for TS1+cmr on input line 74.
 (/usr/local/texlive/2012/texmf-dist/tex/latex/base/ts1cmr.fd
File: ts1cmr.fd 1999/05/25 v2.5h Standard LaTeX font definitions
)
LaTeX Font Info:    ... okay on input line 74.

(/usr/local/texlive/2012/texmf-dist/tex/context/base/supp-pdf.mkii
[Loading MPS to PDF converter (version 2006.09.02).]
\scratchcounter=\count117
\scratchdimen=\dimen139
\scratchbox=\box30
\nofMPsegments=\count118
\nofMParguments=\count119
\everyMPshowfont=\toks20
\MPscratchCnt=\count120
\MPscratchDim=\dimen140
\MPnumerator=\count121
\makeMPintoPDFobject=\count122
\everyMPtoPDFconversion=\toks21
) (/usr/local/texlive/2012/texmf-dist/tex/latex/oberdiek/epstopdf-base.sty
Package: epstopdf-base 2010/02/09 v2.5 Base part for package epstopdf

(/usr/local/texlive/2012/texmf-dist/tex/latex/oberdiek/grfext.sty
Package: grfext 2010/08/19 v1.1 Manage graphics extensions (HO)
)
Package grfext Info: Graphics extension search list:
(grfext)             [.png,.pdf,.jpg,.mps,.jpeg,.jbig2,.jb2,.PNG,.PDF,.JPG,.JPE
G,.JBIG2,.JB2,.eps]
(grfext)             \AppendGraphicsExtensions on input line 452.

(/usr/local/texlive/2012/texmf-dist/tex/latex/latexconfig/epstopdf-sys.cfg
File: epstopdf-sys.cfg 2010/07/13 v1.3 Configuration of (r)epstopdf for TeX Liv
e
))
*geometry* driver: auto-detecting
*geometry* detected driver: pdftex
*geometry* verbose mode - [ preamble ] result:
* driver: pdftex
* paper: <default>
* layout: <same size as paper>
* layoutoffset:(h,v)=(0.0pt,0.0pt)
* modes: twoside 
* h-part:(L,W,R)=(73.71613pt, 430.00462pt, 110.57425pt)
* v-part:(T,H,B)=(95.39737pt, 556.47656pt, 143.09605pt)
* \paperwidth=614.295pt
* \paperheight=794.96999pt
* \textwidth=430.00462pt
* \textheight=556.47656pt
* \oddsidemargin=1.44614pt
* \evensidemargin=38.30426pt
* \topmargin=-8.74641pt
* \headheight=12.0pt
* \headsep=19.8738pt
* \topskip=11.0pt
* \footskip=27.46295pt
* \marginparwidth=116.0pt
* \marginparsep=7.0pt
* \columnsep=10.0pt
* \skip\footins=10.0pt plus 4.0pt minus 2.0pt
* \hoffset=0.0pt
* \voffset=0.0pt
* \mag=1000
* \@twocolumnfalse
* \@twosidetrue
* \@mparswitchtrue
* \@reversemarginfalse
* (1in=72.27pt=25.4mm, 1cm=28.453pt)

\AtBeginShipoutBox=\box31
Package hyperref Info: Link coloring OFF on input line 74.
(/usr/local/texlive/2012/texmf-dist/tex/latex/hyperref/nameref.sty
Package: nameref 2010/04/30 v2.40 Cross-referencing by name of section

(/usr/local/texlive/2012/texmf-dist/tex/generic/oberdiek/gettitlestring.sty
Package: gettitlestring 2010/12/03 v1.4 Cleanup title references (HO)
)
\c@section@level=\count123
LaTeX Info: Redefining \Ref on input line 498.
)
LaTeX Info: Redefining \ref on input line 74.
LaTeX Info: Redefining \pageref on input line 74.
LaTeX Info: Redefining \nameref on input line 74.

(./pcbgcode.out) (./pcbgcode.out)
\@outlinefile=\write5
\openout5 = `pcbgcode.out'.

LaTeX Info: Redefining \Ref on input line 74.
Package caption Info: Begin \AtBeginDocument code.
Package caption Info: float package is loaded.
Package caption Info: listings package is loaded.
Package caption Info: End \AtBeginDocument code.
\c@lstlisting=\count124
 (./lstlang0.sty) (./lstlang0.sty)
(/usr/local/texlive/2012/texmf-dist/tex/latex/listings/lstlang1.sty
File: lstlang1.sty 2004/09/05 1.3 listings language file
)
(/usr/local/texlive/2012/texmf-dist/tex/latex/listings/lstmisc.sty
File: lstmisc.sty 2007/02/22 1.4 (Carsten Heinz)
)

LaTeX Font Warning: Font shape `OT1/cmr/m/n' in size <24> not available
(Font)              size <24.88> substituted on input line 132.


LaTeX Font Warning: Font shape `OT1/cmr/bx/n' in size <24> not available
(Font)              size <24.88> substituted on input line 132.


LaTeX Font Warning: Font shape `OT1/cmr/m/sc' in size <18> not available
(Font)              size <17.28> substituted on input line 132.

LaTeX Font Info:    External font `cmex10' loaded for size
(Font)              <12> on input line 132.
LaTeX Font Info:    External font `cmex10' loaded for size
(Font)              <8> on input line 132.
LaTeX Font Info:    External font `cmex10' loaded for size
(Font)              <6> on input line 132.

LaTeX Font Warning: Font shape `OT1/cmr/m/n' in size <142.26378> not available
(Font)              size <24.88> substituted on input line 132.

[1{/usr/local/texlive/2012/texmf-var/fonts/map/pdftex/updmap/pdftex.map}



]
[2

] (./pcbgcode.toc
LaTeX Font Info:    External font `cmex10' loaded for size
(Font)              <10.95> on input line 2.
)
\tf@toc=\write6
\openout6 = `pcbgcode.toc'.

 [3] [4

] (./pcbgcode.lof)
\tf@lof=\write7
\openout7 = `pcbgcode.lof'.

 [5] [6

] (./pcbgcode.lot)
\tf@lot=\write8
\openout8 = `pcbgcode.lot'.

 [7]
[8

]
Chapter 1.
[1

] [2] </Users/john/Dropbox/Docs/gears.pdf, id=228, 50.59785pt x 43.33684pt>
File: /Users/john/Dropbox/Docs/gears.pdf Graphic file (type pdf)

<use /Users/john/Dropbox/Docs/gears.pdf>
Package pdftex.def Info: /Users/john/Dropbox/Docs/gears.pdf used on input line 
192.
(pdftex.def)             Requested size: 50.59772pt x 43.33672pt.

<figs/Multipass-Board.png, id=230, 917.4275pt x 738.76pt>
File: figs/Multipass-Board.png Graphic file (type png)

<use figs/Multipass-Board.png>
Package pdftex.def Info: figs/Multipass-Board.png used on input line 203.
(pdftex.def)             Requested size: 284.52756pt x 229.11467pt.

<figs/Multipass-Board-Zoom.png, id=232, 917.4275pt x 738.76pt>
File: figs/Multipass-Board-Zoom.png Graphic file (type png)

<use figs/Multipass-Board-Zoom.png>
Package pdftex.def Info: figs/Multipass-Board-Zoom.png used on input line 211.
(pdftex.def)             Requested size: 284.52756pt x 229.11467pt.
 [3 <./figs/Multipass-Board.png> </Users/john/Dropbox/Docs/gears.pdf>] [4 <./fi
gs/Multipass-Board-Zoom.png>]
Chapter 2.
LaTeX Font Info:    External font `cmex10' loaded for size
(Font)              <9> on input line 231.
LaTeX Font Info:    External font `cmex10' loaded for size
(Font)              <5> on input line 231.
<figs/Folder-Structure.png, id=253, 697.60625pt x 544.0325pt>
File: figs/Folder-Structure.png Graphic file (type png)

<use figs/Folder-Structure.png>
Package pdftex.def Info: figs/Folder-Structure.png used on input line 243.
(pdftex.def)             Requested size: 284.52756pt x 221.8926pt.

<figs/Eagle-Options-Directories.png, id=255, 820.06375pt x 409.53pt>
File: figs/Eagle-Options-Directories.png Graphic file (type png)

<use figs/Eagle-Options-Directories.png>
Package pdftex.def Info: figs/Eagle-Options-Directories.png used on input line 
254.
(pdftex.def)             Requested size: 284.52756pt x 142.0941pt.
 [5

] [6 <./figs/Folder-Structure.png> <./figs/Eagle-Options-Directories.png>]
<figs/Select-Gcode-Style.png, id=272, 922.44624pt x 711.65875pt>
File: figs/Select-Gcode-Style.png Graphic file (type png)

<use figs/Select-Gcode-Style.png>
Package pdftex.def Info: figs/Select-Gcode-Style.png used on input line 267.
(pdftex.def)             Requested size: 284.52756pt x 219.5043pt.

<figs/Gcode-Defaults-Warning.png, id=273, 536.0025pt x 331.2375pt>
File: figs/Gcode-Defaults-Warning.png Graphic file (type png)

<use figs/Gcode-Defaults-Warning.png>
Package pdftex.def Info: figs/Gcode-Defaults-Warning.png used on input line 275
.
(pdftex.def)             Requested size: 284.52756pt x 175.82796pt.
 [7 <./figs/Select-Gcode-Style.png>]
<figs/Setup-Machine.png, id=280, 1053.9375pt x 917.4275pt>
File: figs/Setup-Machine.png Graphic file (type png)

<use figs/Setup-Machine.png>
Package pdftex.def Info: figs/Setup-Machine.png used on input line 290.
(pdftex.def)             Requested size: 398.33858pt x 346.75024pt.
 [8 <./figs/Gcode-Defaults-Warning.png>] [9 <./figs/Setup-Machine.png>]
<figs/Setup-Generation-Options.png, id=295, 1053.9375pt x 917.4275pt>
File: figs/Setup-Generation-Options.png Graphic file (type png)

<use figs/Setup-Generation-Options.png>
Package pdftex.def Info: figs/Setup-Generation-Options.png used on input line 3
17.
(pdftex.def)             Requested size: 398.33858pt x 346.75024pt.
 [10] [11 <./figs/Setup-Generation-Options.png>] <figs/Setup-GCode-Options.png,
 id=308, 1053.9375pt x 917.4275pt>
File: figs/Setup-GCode-Options.png Graphic file (type png)

<use figs/Setup-GCode-Options.png>
Package pdftex.def Info: figs/Setup-GCode-Options.png used on input line 361.
(pdftex.def)             Requested size: 398.33858pt x 346.75024pt.

Overfull \hbox (0.47282pt too wide) in paragraph at lines 374--375
[]\OT1/cmr/m/n/10.95 adds set-tings re-lated to the ma-chine. Tool
 []


Overfull \hbox (2.27019pt too wide) in paragraph at lines 382--383
[]\OT1/cmr/m/n/10.95 after mov-ing to the tool change po-si-tion and paus-
 []

[12] [13 <./figs/Setup-GCode-Options.png>]
Overfull \hbox (45.50189pt too wide) in paragraph at lines 386--387
[]\OT1/cmr/m/n/10.95 uses XYZ move-ments to cre-ate drill holes. Usu-ally \OT1/
cmtt/m/n/10.95 DRILL[]FIRST[]HOLE
 []

LaTeX Font Info:    Try loading font information for TS1+cmtt on input line 410
.
(/usr/local/texlive/2012/texmf-dist/tex/latex/base/ts1cmtt.fd
File: ts1cmtt.fd 1999/05/25 v2.5h Standard LaTeX font definitions
)
Overfull \hbox (4.58835pt too wide) in paragraph at lines 410--411
[]\OT1/cmr/m/n/10.95 The word for 'top' will be sub-sti-tuted for \TS1/cmtt/m/n
/10.95 $\OT1/cmtt/m/n/10.95 SIDE\OT1/cmr/m/n/10.95 . (See \OT1/cmtt/m/n/10.95 E
tching \OT1/cmr/m/n/10.95 un-der \OT1/cmtt/m/n/10.95 Top (Component)
 []

[14]
Chapter 3.
<figs/EAGLE-Options-Assign.png, id=329, 526.96875pt x 419.5675pt>
File: figs/EAGLE-Options-Assign.png Graphic file (type png)

<use figs/EAGLE-Options-Assign.png>
Package pdftex.def Info: figs/EAGLE-Options-Assign.png used on input line 436.
(pdftex.def)             Requested size: 142.26378pt x 113.27193pt.
 [15

 <./figs/EAGLE-Options-Assign.png>]
<figs/Two-Components.png, id=337, 507.8975pt x 187.70125pt>
File: figs/Two-Components.png Graphic file (type png)

<use figs/Two-Components.png>
Package pdftex.def Info: figs/Two-Components.png used on input line 453.
(pdftex.def)             Requested size: 142.26378pt x 52.57603pt.

<figs/DRC-Example-Settings.png, id=338, 409.53pt x 365.365pt>
File: figs/DRC-Example-Settings.png Graphic file (type png)

<use figs/DRC-Example-Settings.png>
Package pdftex.def Info: figs/DRC-Example-Settings.png used on input line 461.
(pdftex.def)             Requested size: 142.26378pt x 126.92076pt.

<figs/Good-Clearance.png, id=341, 917.4275pt x 738.76pt>
File: figs/Good-Clearance.png Graphic file (type png)

<use figs/Good-Clearance.png>
Package pdftex.def Info: figs/Good-Clearance.png used on input line 471.
(pdftex.def)             Requested size: 199.16928pt x 160.37463pt.

<figs/Too-Close.png, id=342, 917.4275pt x 738.76pt>
File: figs/Too-Close.png Graphic file (type png)
 <use figs/Too-Close.png>
Package pdftex.def Info: figs/Too-Close.png used on input line 479.
(pdftex.def)             Requested size: 199.16928pt x 160.37463pt.

<figs/DRC-Error.png, id=344, 750.805pt x 528.97626pt>
File: figs/DRC-Error.png Graphic file (type png)
 <use figs/DRC-Error.png>
Package pdftex.def Info: figs/DRC-Error.png used on input line 489.
(pdftex.def)             Requested size: 199.16928pt x 140.32332pt.

[16 <./figs/Two-Components.png>] [17 <./figs/DRC-Example-Settings.png> <./figs/
Good-Clearance.png> <./figs/Too-Close.png>] [18 <./figs/DRC-Error.png>]
File: /Users/john/Dropbox/Docs/gears.pdf Graphic file (type pdf)

<use /Users/john/Dropbox/Docs/gears.pdf>
Package pdftex.def Info: /Users/john/Dropbox/Docs/gears.pdf used on input line 
527.
(pdftex.def)             Requested size: 50.59772pt x 43.33672pt.
 [19] [20

]
Chapter 4.
</Users/john/Dropbox/Docs/warning.pdf, id=373, 54.2025pt x 54.2025pt>
File: /Users/john/Dropbox/Docs/warning.pdf Graphic file (type pdf)

<use /Users/john/Dropbox/Docs/warning.pdf>
Package pdftex.def Info: /Users/john/Dropbox/Docs/warning.pdf used on input lin
e 541.
(pdftex.def)             Requested size: 54.20236pt x 54.20236pt.
LaTeX Font Info:    Font shape `OT1/cmtt/bx/n' in size <10> not available
(Font)              Font shape `OT1/cmtt/m/n' tried instead on input line 551.

Underfull \hbox (badness 6047) in paragraph at lines 562--562
[]\OT1/cmr/m/n/8 This is only an
 []


Underfull \hbox (badness 3668) in paragraph at lines 562--562
\OT1/cmr/m/n/8 han-dles line end-
 []


Underfull \hbox (badness 2221) in paragraph at lines 562--562
\OT1/cmr/m/n/8 ings au-to-mat-i-cally
 []


Underfull \hbox (badness 2088) in paragraph at lines 562--562
\OT1/cmr/m/n/8 de-pend-ing on the
 []


Underfull \hbox (badness 10000) in paragraph at lines 562--562
\OT1/cmr/m/n/8 op-er-at-ing sys-tem
 []


Underfull \hbox (badness 2384) in paragraph at lines 562--562
\OT1/cmr/m/n/8 it is run-ning on.
 []


Underfull \hbox (badness 10000) in paragraph at lines 562--562
\OT1/cmr/m/n/8 If line end-ings
 []


Underfull \hbox (badness 6032) in paragraph at lines 562--562
\OT1/cmr/m/n/8 in gen-er-ated NC
 []


Underfull \hbox (badness 5592) in paragraph at lines 562--562
\OT1/cmr/m/n/8 files need to be
 []


Underfull \hbox (badness 10000) in paragraph at lines 562--562
\OT1/cmr/m/n/8 changed, a con-
 []


Underfull \hbox (badness 10000) in paragraph at lines 562--562
\OT1/cmr/m/n/8 ver-sion pro-gram
 []

LaTeX Font Info:    Try loading font information for OMS+cmtt on input line 564
.
LaTeX Font Info:    No file OMScmtt.fd. on input line 564.

LaTeX Font Warning: Font shape `OMS/cmtt/m/n' undefined
(Font)              using `OMS/cmsy/m/n' instead
(Font)              for symbol `textbackslash' on input line 564.

[21 </Users/john/Dropbox/Docs/warning.pdf>] [22] [23]
Overfull \hbox (2.43683pt too wide) in paragraph at lines 667--668
[]\OT1/cmr/m/n/10.95 generates an en-try for the tool ta-ble. Note
 []

[24]
File: /Users/john/Dropbox/Docs/warning.pdf Graphic file (type pdf)
 <use /Users/john/Dropbox/Docs/warning.pdf>
Package pdftex.def Info: /Users/john/Dropbox/Docs/warning.pdf used on input lin
e 682.
(pdftex.def)             Requested size: 54.20236pt x 54.20236pt.
 [25]
Package hyperref Info: bookmark level for unknown lstlisting defaults to 0 on i
nput line 716.
 [26]
File: /Users/john/Dropbox/Docs/warning.pdf Graphic file (type pdf)

<use /Users/john/Dropbox/Docs/warning.pdf>
Package pdftex.def Info: /Users/john/Dropbox/Docs/warning.pdf used on input lin
e 750.
(pdftex.def)             Requested size: 54.20236pt x 54.20236pt.
Missing character: There is no â in font cmr10!
Missing character: There is no ˆ in font cmr10!
Missing character: There is no ’ in font cmr10!
Missing character: There is no â in font cmr10!
Missing character: There is no ˆ in font cmr10!
Missing character: There is no ’ in font cmr10!
Missing character: There is no â in font cmtt10!
Missing character: There is no ˆ in font cmtt10!
Missing character: There is no ’ in font cmtt10!
Missing character: There is no â in font cmtt10!
Missing character: There is no ˆ in font cmtt10!
Missing character: There is no ’ in font cmtt10!
Missing character: There is no â in font cmtt10!
Missing character: There is no ˆ in font cmtt10!
Missing character: There is no ’ in font cmtt10!
Missing character: There is no â in font cmtt10!
Missing character: There is no ˆ in font cmtt10!
Missing character: There is no ’ in font cmtt10!
Missing character: There is no â in font cmtt10!
Missing character: There is no ˆ in font cmtt10!
Missing character: There is no ’ in font cmtt10!
Missing character: There is no â in font cmr10!
Missing character: There is no ˆ in font cmr10!
Missing character: There is no ’ in font cmr10!
 [27]
Missing character: There is no â in font cmr10!
Missing character: There is no ˆ in font cmr10!
Missing character: There is no ’ in font cmr10!
Missing character: There is no â in font cmtt10!
Missing character: There is no ˆ in font cmtt10!
Missing character: There is no ’ in font cmtt10!
Missing character: There is no â in font cmtt10!
Missing character: There is no ˆ in font cmtt10!
Missing character: There is no ’ in font cmtt10!
Missing character: There is no â in font cmtt10!
Missing character: There is no ˆ in font cmtt10!
Missing character: There is no ’ in font cmtt10!
Missing character: There is no â in font cmtt10!
Missing character: There is no ˆ in font cmtt10!
Missing character: There is no ’ in font cmtt10!
Missing character: There is no â in font cmtt10!
Missing character: There is no ˆ in font cmtt10!
Missing character: There is no ’ in font cmtt10!
 [28]
Missing character: There is no â in font cmr10!
Missing character: There is no ˆ in font cmr10!
Missing character: There is no ’ in font cmr10!
 [29] [30

]
Appendix A.
LaTeX Font Info:    Font shape `OT1/cmtt/bx/n' in size <6> not available
(Font)              Font shape `OT1/cmtt/m/n' tried instead on input line 866.
[31] [32] (./pcbgcode.ind [33


])
Package atveryend Info: Empty hook `BeforeClearDocument' on input line 990.
Package atveryend Info: Empty hook `AfterLastShipout' on input line 990.
 (./pcbgcode.aux)
Package atveryend Info: Executing hook `AtVeryEndDocument' on input line 990.
Package atveryend Info: Executing hook `AtEndAfterFileList' on input line 990.
Package rerunfilecheck Info: File `pcbgcode.out' has not changed.
(rerunfilecheck)             Checksum: 6346AB720DE84E16A7ACCEB8A1073A98;1540.


LaTeX Font Warning: Size substitutions with differences
(Font)              up to 117.38377pt have occurred.


LaTeX Font Warning: Some font shapes were not available, defaults substituted.

Package atveryend Info: Empty hook `AtVeryVeryEnd' on input line 990.
 ) 
Here is how much of TeX's memory you used:
 9823 strings out of 493488
 147979 string characters out of 3141326
 609408 words of memory out of 3000000
 12676 multiletter control sequences out of 15000+200000
 14537 words of font info for 51 fonts, out of 3000000 for 9000
 957 hyphenation exceptions out of 8191
 36i,11n,58p,1029b,1705s stack positions out of 5000i,500n,10000p,200000b,50000s
{/usr/local/texlive/2012/texmf-dist/fonts/enc/dvips/cm-super/cm-super-ts1.enc
}</usr/local/texlive/2012/texmf-dist/fonts/type1/public/amsfonts/cm/cmbx10.pfb>
</usr/local/texlive/2012/texmf-dist/fonts/type1/public/amsfonts/cm/cmbx12.pfb><
/usr/local/texlive/2012/texmf-dist/fonts/type1/public/amsfonts/cm/cmcsc10.pfb><
/usr/local/texlive/2012/texmf-dist/fonts/type1/public/amsfonts/cm/cmitt10.pfb><
/usr/local/texlive/2012/texmf-dist/fonts/type1/public/amsfonts/cm/cmmi10.pfb></
usr/local/texlive/2012/texmf-dist/fonts/type1/public/amsfonts/cm/cmmi8.pfb></us
r/local/texlive/2012/texmf-dist/fonts/type1/public/amsfonts/cm/cmr10.pfb></usr/
local/texlive/2012/texmf-dist/fonts/type1/public/amsfonts/cm/cmr12.pfb></usr/lo
cal/texlive/2012/texmf-dist/fonts/type1/public/amsfonts/cm/cmr17.pfb></usr/loca
l/texlive/2012/texmf-dist/fonts/type1/public/amsfonts/cm/cmr6.pfb></usr/local/t
exlive/2012/texmf-dist/fonts/type1/public/amsfonts/cm/cmr8.pfb></usr/local/texl
ive/2012/texmf-dist/fonts/type1/public/amsfonts/cm/cmr9.pfb></usr/local/texlive
/2012/texmf-dist/fonts/type1/public/amsfonts/cm/cmsl10.pfb></usr/local/texlive/
2012/texmf-dist/fonts/type1/public/amsfonts/cm/cmsy10.pfb></usr/local/texlive/2
012/texmf-dist/fonts/type1/public/amsfonts/cm/cmsy8.pfb></usr/local/texlive/201
2/texmf-dist/fonts/type1/public/amsfonts/cm/cmti10.pfb></usr/local/texlive/2012
/texmf-dist/fonts/type1/public/amsfonts/cm/cmtt10.pfb></usr/local/texlive/2012/
texmf-dist/fonts/type1/public/amsfonts/cm/cmtt8.pfb></usr/local/texlive/2012/te
xmf-dist/fonts/type1/public/cm-super/sfbx1095.pfb></usr/local/texlive/2012/texm
f-dist/fonts/type1/public/cm-super/sfrm1095.pfb></usr/local/texlive/2012/texmf-
dist/fonts/type1/public/cm-super/sfrm1200.pfb></usr/local/texlive/2012/texmf-di
st/fonts/type1/public/cm-super/sftt1095.pfb>
Output written on pcbgcode.pdf (41 pages, 1026729 bytes).
PDF statistics:
 837 PDF objects out of 1000 (max. 8388607)
 734 compressed objects within 8 object streams
 307 named destinations out of 1000 (max. 500000)
 294 words of extra memory for PDF output out of 10000 (max. 10000000)

